<?xml version="1.0" encoding="UTF-8" standalone="no"?>
<!DOCTYPE log SYSTEM "logger.dtd">
<log>
<record>
  <date>2019-01-22T15:03:29</date>
  <millis>1548191009756</millis>
  <sequence>0</sequence>
  <level>START</level>
  <class>com.kms.katalon.core.logging.XmlKeywordLogger</class>
  <method>startSuite</method>
  <thread>1</thread>
  <message>Start Test Suite : Test Suites/Checklist</message>
  <nestedLevel>0</nestedLevel>
  <property name="name">Checklist</property>
  <property name="description"></property>
  <property name="id">Test Suites/Checklist</property>
</record>
<record>
  <date>2019-01-22T15:03:29</date>
  <millis>1548191009781</millis>
  <sequence>1</sequence>
  <level>RUN_DATA</level>
  <class>com.kms.katalon.core.logging.XmlKeywordLogger</class>
  <method>logMessage</method>
  <thread>1</thread>
  <message>hostName = taylor.sablowsky - LAPTOP1046.nrccua-hq.local</message>
  <nestedLevel>0</nestedLevel>
  <property name="hostName">taylor.sablowsky - LAPTOP1046.nrccua-hq.local</property>
</record>
<record>
  <date>2019-01-22T15:03:29</date>
  <millis>1548191009782</millis>
  <sequence>2</sequence>
  <level>RUN_DATA</level>
  <class>com.kms.katalon.core.logging.XmlKeywordLogger</class>
  <method>logMessage</method>
  <thread>1</thread>
  <message>os = Windows 10 64bit</message>
  <nestedLevel>0</nestedLevel>
  <property name="os">Windows 10 64bit</property>
</record>
<record>
  <date>2019-01-22T15:03:29</date>
  <millis>1548191009783</millis>
  <sequence>3</sequence>
  <level>RUN_DATA</level>
  <class>com.kms.katalon.core.logging.XmlKeywordLogger</class>
  <method>logMessage</method>
  <thread>1</thread>
  <message>hostAddress = 192.168.39.235</message>
  <nestedLevel>0</nestedLevel>
  <property name="hostAddress">192.168.39.235</property>
</record>
<record>
  <date>2019-01-22T15:03:29</date>
  <millis>1548191009785</millis>
  <sequence>4</sequence>
  <level>RUN_DATA</level>
  <class>com.kms.katalon.core.logging.XmlKeywordLogger</class>
  <method>logMessage</method>
  <thread>1</thread>
  <message>katalonVersion = 5.10.3.1</message>
  <nestedLevel>0</nestedLevel>
  <property name="katalonVersion">5.10.3.1</property>
</record>
<record>
  <date>2019-01-22T15:03:30</date>
  <millis>1548191010088</millis>
  <sequence>5</sequence>
  <level>START</level>
  <class>com.kms.katalon.core.logging.XmlKeywordLogger</class>
  <method>startTest</method>
  <thread>1</thread>
  <message>Start Test Case : Test Cases/Checklist/TC1_Checklist_GetChecklist</message>
  <nestedLevel>1</nestedLevel>
  <property name="name">Test Cases/Checklist/TC1_Checklist_GetChecklist</property>
  <property name="description"></property>
  <property name="id">Test Cases/Checklist/TC1_Checklist_GetChecklist</property>
  <property name="source">C:\\Users\\taylor.sablowsky\\Katalon Studio\\API PoC_BK\\Test Cases\\Checklist\\TC1_Checklist_GetChecklist.tc</property>
  <property name="isOptional">false</property>
</record>
<record>
  <date>2019-01-22T15:03:30</date>
  <millis>1548191010200</millis>
  <sequence>7</sequence>
  <level>INFO</level>
  <class>com.kms.katalon.core.logging.XmlKeywordLogger</class>
  <method>logMessage</method>
  <thread>1</thread>
  <message>(Default) URL = staging-api.myoptions.org</message>
  <nestedLevel>1</nestedLevel>
</record>
<record>
  <date>2019-01-22T15:03:30</date>
  <millis>1548191010214</millis>
  <sequence>8</sequence>
  <level>INFO</level>
  <class>com.kms.katalon.core.logging.XmlKeywordLogger</class>
  <method>logMessage</method>
  <thread>1</thread>
  <message>(Default) variable = </message>
  <nestedLevel>1</nestedLevel>
</record>
<record>
  <date>2019-01-22T15:03:30</date>
  <millis>1548191010953</millis>
  <sequence>9</sequence>
  <level>START</level>
  <class>com.kms.katalon.core.logging.XmlKeywordLogger</class>
  <method>startKeyword</method>
  <thread>1</thread>
  <message>Start action : getTokenTestObject = findTestObject(\&amp;quot;Helpers/Login/Helper_MO_Login\&amp;quot;)</message>
  <nestedLevel>1</nestedLevel>
  <property name="startLine">28</property>
  <property name="stepIndex">1</property>
</record>
<record>
  <date>2019-01-22T15:03:31</date>
  <millis>1548191011149</millis>
  <sequence>14</sequence>
  <level>END</level>
  <class>com.kms.katalon.core.logging.XmlKeywordLogger</class>
  <method>endKeyword</method>
  <thread>1</thread>
  <message>End action : getTokenTestObject = findTestObject(\&amp;quot;Helpers/Login/Helper_MO_Login\&amp;quot;)</message>
  <nestedLevel>1</nestedLevel>
</record>
<record>
  <date>2019-01-22T15:03:31</date>
  <millis>1548191011149</millis>
  <sequence>15</sequence>
  <level>START</level>
  <class>com.kms.katalon.core.logging.XmlKeywordLogger</class>
  <method>startKeyword</method>
  <thread>1</thread>
  <message>Start action : responseTokenObject = sendRequest(getTokenTestObject)</message>
  <nestedLevel>1</nestedLevel>
  <property name="startLine">30</property>
  <property name="stepIndex">2</property>
</record>
<record>
  <date>2019-01-22T15:03:36</date>
  <millis>1548191016248</millis>
  <sequence>18</sequence>
  <level>INFO</level>
  <class>com.kms.katalon.core.logging.XmlKeywordLogger</class>
  <method>logMessage</method>
  <thread>1</thread>
  <message>HAR: C:\\Users\\taylor.sablowsky\\Katalon Studio\\API PoC_BK\\Reports\\Checklist\\20190122_150327\\requests\\main\\0.har</message>
  <nestedLevel>1</nestedLevel>
  <property name="harId">0c8aab42-536f-4073-9f1e-e54af82809cf</property>
</record>
<record>
  <date>2019-01-22T15:03:36</date>
  <millis>1548191016354</millis>
  <sequence>19</sequence>
  <level>PASSED</level>
  <class>com.kms.katalon.core.logging.XmlKeywordLogger</class>
  <method>logMessage</method>
  <thread>1</thread>
  <message>Send request successfully</message>
  <nestedLevel>1</nestedLevel>
</record>
<record>
  <date>2019-01-22T15:03:36</date>
  <millis>1548191016355</millis>
  <sequence>20</sequence>
  <level>END</level>
  <class>com.kms.katalon.core.logging.XmlKeywordLogger</class>
  <method>endKeyword</method>
  <thread>1</thread>
  <message>End action : responseTokenObject = sendRequest(getTokenTestObject)</message>
  <nestedLevel>1</nestedLevel>
</record>
<record>
  <date>2019-01-22T15:03:36</date>
  <millis>1548191016356</millis>
  <sequence>21</sequence>
  <level>START</level>
  <class>com.kms.katalon.core.logging.XmlKeywordLogger</class>
  <method>startKeyword</method>
  <thread>1</thread>
  <message>Start action : tokenObject = JsonSlurper().parseText(responseTokenObject.getResponseText())</message>
  <nestedLevel>1</nestedLevel>
  <property name="startLine">33</property>
  <property name="stepIndex">3</property>
</record>
<record>
  <date>2019-01-22T15:03:36</date>
  <millis>1548191016391</millis>
  <sequence>22</sequence>
  <level>END</level>
  <class>com.kms.katalon.core.logging.XmlKeywordLogger</class>
  <method>endKeyword</method>
  <thread>1</thread>
  <message>End action : tokenObject = JsonSlurper().parseText(responseTokenObject.getResponseText())</message>
  <nestedLevel>1</nestedLevel>
</record>
<record>
  <date>2019-01-22T15:03:36</date>
  <millis>1548191016392</millis>
  <sequence>23</sequence>
  <level>START</level>
  <class>com.kms.katalon.core.logging.XmlKeywordLogger</class>
  <method>startKeyword</method>
  <thread>1</thread>
  <message>Start action : token = bearer_token</message>
  <nestedLevel>1</nestedLevel>
  <property name="startLine">36</property>
  <property name="stepIndex">4</property>
</record>
<record>
  <date>2019-01-22T15:03:36</date>
  <millis>1548191016400</millis>
  <sequence>24</sequence>
  <level>END</level>
  <class>com.kms.katalon.core.logging.XmlKeywordLogger</class>
  <method>endKeyword</method>
  <thread>1</thread>
  <message>End action : token = bearer_token</message>
  <nestedLevel>1</nestedLevel>
</record>
<record>
  <date>2019-01-22T15:03:36</date>
  <millis>1548191016400</millis>
  <sequence>25</sequence>
  <level>START</level>
  <class>com.kms.katalon.core.logging.XmlKeywordLogger</class>
  <method>startKeyword</method>
  <thread>1</thread>
  <message>Start action : getUserInfoTestObject = findTestObject(\&amp;quot;Helpers/Checklist/Get_Checklist\&amp;quot;)</message>
  <nestedLevel>1</nestedLevel>
  <property name="startLine">40</property>
  <property name="stepIndex">5</property>
</record>
<record>
  <date>2019-01-22T15:03:36</date>
  <millis>1548191016449</millis>
  <sequence>27</sequence>
  <level>END</level>
  <class>com.kms.katalon.core.logging.XmlKeywordLogger</class>
  <method>endKeyword</method>
  <thread>1</thread>
  <message>End action : getUserInfoTestObject = findTestObject(\&amp;quot;Helpers/Checklist/Get_Checklist\&amp;quot;)</message>
  <nestedLevel>1</nestedLevel>
</record>
<record>
  <date>2019-01-22T15:03:36</date>
  <millis>1548191016449</millis>
  <sequence>28</sequence>
  <level>START</level>
  <class>com.kms.katalon.core.logging.XmlKeywordLogger</class>
  <method>startKeyword</method>
  <thread>1</thread>
  <message>Start action : getHttpHeaderProperties().add(new com.kms.katalon.core.testobject.TestObjectProperty(Authorization, com.kms.katalon.core.testobject.ConditionType.EQUALS, (Bearer  + token)))</message>
  <nestedLevel>1</nestedLevel>
  <property name="startLine">43</property>
  <property name="stepIndex">6</property>
</record>
<record>
  <date>2019-01-22T15:03:36</date>
  <millis>1548191016473</millis>
  <sequence>29</sequence>
  <level>END</level>
  <class>com.kms.katalon.core.logging.XmlKeywordLogger</class>
  <method>endKeyword</method>
  <thread>1</thread>
  <message>End action : getHttpHeaderProperties().add(new com.kms.katalon.core.testobject.TestObjectProperty(Authorization, com.kms.katalon.core.testobject.ConditionType.EQUALS, (Bearer  + token)))</message>
  <nestedLevel>1</nestedLevel>
</record>
<record>
  <date>2019-01-22T15:03:36</date>
  <millis>1548191016474</millis>
  <sequence>30</sequence>
  <level>START</level>
  <class>com.kms.katalon.core.logging.XmlKeywordLogger</class>
  <method>startKeyword</method>
  <thread>1</thread>
  <message>Start action : sendRequestAndVerify(getUserInfoTestObject)</message>
  <nestedLevel>1</nestedLevel>
  <property name="startLine">47</property>
  <property name="stepIndex">7</property>
</record>
<record>
  <date>2019-01-22T15:03:37</date>
  <millis>1548191017169</millis>
  <sequence>33</sequence>
  <level>START</level>
  <class>com.kms.katalon.core.logging.XmlKeywordLogger</class>
  <method>startTest</method>
  <thread>1</thread>
  <message>Start Test Case : Verification</message>
  <nestedLevel>2</nestedLevel>
</record>
<record>
  <date>2019-01-22T15:03:37</date>
  <millis>1548191017399</millis>
  <sequence>34</sequence>
  <level>START</level>
  <class>com.kms.katalon.core.logging.XmlKeywordLogger</class>
  <method>startKeyword</method>
  <thread>1</thread>
  <message>Start action : request = getInstance().getCurrentRequest()</message>
  <nestedLevel>1</nestedLevel>
  <property name="startLine">11</property>
  <property name="stepIndex">1</property>
</record>
<record>
  <date>2019-01-22T15:03:37</date>
  <millis>1548191017467</millis>
  <sequence>35</sequence>
  <level>END</level>
  <class>com.kms.katalon.core.logging.XmlKeywordLogger</class>
  <method>endKeyword</method>
  <thread>1</thread>
  <message>End action : request = getInstance().getCurrentRequest()</message>
  <nestedLevel>1</nestedLevel>
</record>
<record>
  <date>2019-01-22T15:03:37</date>
  <millis>1548191017468</millis>
  <sequence>36</sequence>
  <level>START</level>
  <class>com.kms.katalon.core.logging.XmlKeywordLogger</class>
  <method>startKeyword</method>
  <thread>1</thread>
  <message>Start action : response = getInstance().getCurrentResponse()</message>
  <nestedLevel>1</nestedLevel>
  <property name="startLine">13</property>
  <property name="stepIndex">2</property>
</record>
<record>
  <date>2019-01-22T15:03:37</date>
  <millis>1548191017473</millis>
  <sequence>37</sequence>
  <level>END</level>
  <class>com.kms.katalon.core.logging.XmlKeywordLogger</class>
  <method>endKeyword</method>
  <thread>1</thread>
  <message>End action : response = getInstance().getCurrentResponse()</message>
  <nestedLevel>1</nestedLevel>
</record>
<record>
  <date>2019-01-22T15:03:37</date>
  <millis>1548191017473</millis>
  <sequence>38</sequence>
  <level>START</level>
  <class>com.kms.katalon.core.logging.XmlKeywordLogger</class>
  <method>startKeyword</method>
  <thread>1</thread>
  <message>Start action : verifyResponseStatusCode(response, 200)</message>
  <nestedLevel>1</nestedLevel>
  <property name="startLine">17</property>
  <property name="stepIndex">3</property>
</record>
<record>
  <date>2019-01-22T15:03:37</date>
  <millis>1548191017490</millis>
  <sequence>40</sequence>
  <level>PASSED</level>
  <class>com.kms.katalon.core.logging.XmlKeywordLogger</class>
  <method>logMessage</method>
  <thread>1</thread>
  <message>Verify response status code successfully</message>
  <nestedLevel>2</nestedLevel>
</record>
<record>
  <date>2019-01-22T15:03:37</date>
  <millis>1548191017491</millis>
  <sequence>41</sequence>
  <level>END</level>
  <class>com.kms.katalon.core.logging.XmlKeywordLogger</class>
  <method>endKeyword</method>
  <thread>1</thread>
  <message>End action : verifyResponseStatusCode(response, 200)</message>
  <nestedLevel>1</nestedLevel>
</record>
<record>
  <date>2019-01-22T15:03:37</date>
  <millis>1548191017492</millis>
  <sequence>42</sequence>
  <level>START</level>
  <class>com.kms.katalon.core.logging.XmlKeywordLogger</class>
  <method>startKeyword</method>
  <thread>1</thread>
  <message>Start action : getStatusCode()).isEqualTo(200)</message>
  <nestedLevel>1</nestedLevel>
  <property name="startLine">19</property>
  <property name="stepIndex">4</property>
</record>
<record>
  <date>2019-01-22T15:03:37</date>
  <millis>1548191017610</millis>
  <sequence>43</sequence>
  <level>END</level>
  <class>com.kms.katalon.core.logging.XmlKeywordLogger</class>
  <method>endKeyword</method>
  <thread>1</thread>
  <message>End action : getStatusCode()).isEqualTo(200)</message>
  <nestedLevel>1</nestedLevel>
</record>
<record>
  <date>2019-01-22T15:03:37</date>
  <millis>1548191017611</millis>
  <sequence>44</sequence>
  <level>PASSED</level>
  <class>com.kms.katalon.core.logging.XmlKeywordLogger</class>
  <method>logMessage</method>
  <thread>1</thread>
  <message>Verification accomplished successfully</message>
  <nestedLevel>2</nestedLevel>
</record>
<record>
  <date>2019-01-22T15:03:37</date>
  <millis>1548191017612</millis>
  <sequence>45</sequence>
  <level>END</level>
  <class>com.kms.katalon.core.logging.XmlKeywordLogger</class>
  <method>endTest</method>
  <thread>1</thread>
  <message>End Test Case : Verification</message>
  <nestedLevel>1</nestedLevel>
</record>
<record>
  <date>2019-01-22T15:03:37</date>
  <millis>1548191017619</millis>
  <sequence>46</sequence>
  <level>PASSED</level>
  <class>com.kms.katalon.core.logging.XmlKeywordLogger</class>
  <method>logMessage</method>
  <thread>1</thread>
  <message>Verify response successfully</message>
  <nestedLevel>1</nestedLevel>
</record>
<record>
  <date>2019-01-22T15:03:37</date>
  <millis>1548191017619</millis>
  <sequence>47</sequence>
  <level>PASSED</level>
  <class>com.kms.katalon.core.logging.XmlKeywordLogger</class>
  <method>logMessage</method>
  <thread>1</thread>
  <message>Send request and verify the response successfully</message>
  <nestedLevel>1</nestedLevel>
</record>
<record>
  <date>2019-01-22T15:03:37</date>
  <millis>1548191017619</millis>
  <sequence>48</sequence>
  <level>END</level>
  <class>com.kms.katalon.core.logging.XmlKeywordLogger</class>
  <method>endKeyword</method>
  <thread>1</thread>
  <message>End action : sendRequestAndVerify(getUserInfoTestObject)</message>
  <nestedLevel>1</nestedLevel>
</record>
<record>
  <date>2019-01-22T15:03:37</date>
  <millis>1548191017620</millis>
  <sequence>49</sequence>
  <level>PASSED</level>
  <class>com.kms.katalon.core.logging.XmlKeywordLogger</class>
  <method>logMessage</method>
  <thread>1</thread>
  <message>Test Cases/Checklist/TC1_Checklist_GetChecklist</message>
  <nestedLevel>1</nestedLevel>
</record>
<record>
  <date>2019-01-22T15:03:39</date>
  <millis>1548191019676</millis>
  <sequence>50</sequence>
  <level>END</level>
  <class>com.kms.katalon.core.logging.XmlKeywordLogger</class>
  <method>endTest</method>
  <thread>1</thread>
  <message>End Test Case : Test Cases/Checklist/TC1_Checklist_GetChecklist</message>
  <nestedLevel>0</nestedLevel>
</record>
<record>
  <date>2019-01-22T15:03:39</date>
  <millis>1548191019681</millis>
  <sequence>51</sequence>
  <level>START</level>
  <class>com.kms.katalon.core.logging.XmlKeywordLogger</class>
  <method>startTest</method>
  <thread>1</thread>
  <message>Start Test Case : Test Cases/Checklist/TC2_Checklist_MarkArchived</message>
  <nestedLevel>1</nestedLevel>
  <property name="name">Test Cases/Checklist/TC2_Checklist_MarkArchived</property>
  <property name="description"></property>
  <property name="id">Test Cases/Checklist/TC2_Checklist_MarkArchived</property>
  <property name="source">C:\\Users\\taylor.sablowsky\\Katalon Studio\\API PoC_BK\\Test Cases\\Checklist\\TC2_Checklist_MarkArchived.tc</property>
  <property name="isOptional">false</property>
</record>
<record>
  <date>2019-01-22T15:03:39</date>
  <millis>1548191019908</millis>
  <sequence>53</sequence>
  <level>START</level>
  <class>com.kms.katalon.core.logging.XmlKeywordLogger</class>
  <method>startKeyword</method>
  <thread>1</thread>
  <message>Start action : getTokenTestObject = findTestObject(\&amp;quot;Helpers/Login/Helper_MO_Login\&amp;quot;)</message>
  <nestedLevel>1</nestedLevel>
  <property name="startLine">28</property>
  <property name="stepIndex">1</property>
</record>
<record>
  <date>2019-01-22T15:03:39</date>
  <millis>1548191019989</millis>
  <sequence>55</sequence>
  <level>END</level>
  <class>com.kms.katalon.core.logging.XmlKeywordLogger</class>
  <method>endKeyword</method>
  <thread>1</thread>
  <message>End action : getTokenTestObject = findTestObject(\&amp;quot;Helpers/Login/Helper_MO_Login\&amp;quot;)</message>
  <nestedLevel>1</nestedLevel>
</record>
<record>
  <date>2019-01-22T15:03:39</date>
  <millis>1548191019989</millis>
  <sequence>56</sequence>
  <level>START</level>
  <class>com.kms.katalon.core.logging.XmlKeywordLogger</class>
  <method>startKeyword</method>
  <thread>1</thread>
  <message>Start action : responseTokenObject = sendRequest(getTokenTestObject)</message>
  <nestedLevel>1</nestedLevel>
  <property name="startLine">39</property>
  <property name="stepIndex">2</property>
</record>
<record>
  <date>2019-01-22T15:03:40</date>
  <millis>1548191020857</millis>
  <sequence>59</sequence>
  <level>INFO</level>
  <class>com.kms.katalon.core.logging.XmlKeywordLogger</class>
  <method>logMessage</method>
  <thread>1</thread>
  <message>HAR: C:\\Users\\taylor.sablowsky\\Katalon Studio\\API PoC_BK\\Reports\\Checklist\\20190122_150327\\requests\\main\\1.har</message>
  <nestedLevel>1</nestedLevel>
  <property name="harId">5d86a38e-fd76-426c-8b0e-6e922256ddc1</property>
</record>
<record>
  <date>2019-01-22T15:03:40</date>
  <millis>1548191020862</millis>
  <sequence>60</sequence>
  <level>PASSED</level>
  <class>com.kms.katalon.core.logging.XmlKeywordLogger</class>
  <method>logMessage</method>
  <thread>1</thread>
  <message>Send request successfully</message>
  <nestedLevel>1</nestedLevel>
</record>
<record>
  <date>2019-01-22T15:03:40</date>
  <millis>1548191020863</millis>
  <sequence>61</sequence>
  <level>END</level>
  <class>com.kms.katalon.core.logging.XmlKeywordLogger</class>
  <method>endKeyword</method>
  <thread>1</thread>
  <message>End action : responseTokenObject = sendRequest(getTokenTestObject)</message>
  <nestedLevel>1</nestedLevel>
</record>
<record>
  <date>2019-01-22T15:03:40</date>
  <millis>1548191020863</millis>
  <sequence>62</sequence>
  <level>START</level>
  <class>com.kms.katalon.core.logging.XmlKeywordLogger</class>
  <method>startKeyword</method>
  <thread>1</thread>
  <message>Start action : tokenObject = JsonSlurper().parseText(responseTokenObject.getResponseText())</message>
  <nestedLevel>1</nestedLevel>
  <property name="startLine">43</property>
  <property name="stepIndex">3</property>
</record>
<record>
  <date>2019-01-22T15:03:40</date>
  <millis>1548191020867</millis>
  <sequence>63</sequence>
  <level>END</level>
  <class>com.kms.katalon.core.logging.XmlKeywordLogger</class>
  <method>endKeyword</method>
  <thread>1</thread>
  <message>End action : tokenObject = JsonSlurper().parseText(responseTokenObject.getResponseText())</message>
  <nestedLevel>1</nestedLevel>
</record>
<record>
  <date>2019-01-22T15:03:40</date>
  <millis>1548191020867</millis>
  <sequence>64</sequence>
  <level>START</level>
  <class>com.kms.katalon.core.logging.XmlKeywordLogger</class>
  <method>startKeyword</method>
  <thread>1</thread>
  <message>Start action : token = bearer_token</message>
  <nestedLevel>1</nestedLevel>
  <property name="startLine">46</property>
  <property name="stepIndex">4</property>
</record>
<record>
  <date>2019-01-22T15:03:40</date>
  <millis>1548191020871</millis>
  <sequence>65</sequence>
  <level>END</level>
  <class>com.kms.katalon.core.logging.XmlKeywordLogger</class>
  <method>endKeyword</method>
  <thread>1</thread>
  <message>End action : token = bearer_token</message>
  <nestedLevel>1</nestedLevel>
</record>
<record>
  <date>2019-01-22T15:03:40</date>
  <millis>1548191020872</millis>
  <sequence>66</sequence>
  <level>START</level>
  <class>com.kms.katalon.core.logging.XmlKeywordLogger</class>
  <method>startKeyword</method>
  <thread>1</thread>
  <message>Start action : getUserInfoTestObject = findTestObject(\&amp;quot;Helpers/Checklist/Put_Checklist_MarkArchived\&amp;quot;)</message>
  <nestedLevel>1</nestedLevel>
  <property name="startLine">50</property>
  <property name="stepIndex">5</property>
</record>
<record>
  <date>2019-01-22T15:03:40</date>
  <millis>1548191020907</millis>
  <sequence>68</sequence>
  <level>END</level>
  <class>com.kms.katalon.core.logging.XmlKeywordLogger</class>
  <method>endKeyword</method>
  <thread>1</thread>
  <message>End action : getUserInfoTestObject = findTestObject(\&amp;quot;Helpers/Checklist/Put_Checklist_MarkArchived\&amp;quot;)</message>
  <nestedLevel>1</nestedLevel>
</record>
<record>
  <date>2019-01-22T15:03:40</date>
  <millis>1548191020907</millis>
  <sequence>69</sequence>
  <level>START</level>
  <class>com.kms.katalon.core.logging.XmlKeywordLogger</class>
  <method>startKeyword</method>
  <thread>1</thread>
  <message>Start action : getHttpHeaderProperties().add(new com.kms.katalon.core.testobject.TestObjectProperty(Authorization, com.kms.katalon.core.testobject.ConditionType.EQUALS, (Bearer  + token)))</message>
  <nestedLevel>1</nestedLevel>
  <property name="startLine">53</property>
  <property name="stepIndex">6</property>
</record>
<record>
  <date>2019-01-22T15:03:40</date>
  <millis>1548191020911</millis>
  <sequence>70</sequence>
  <level>END</level>
  <class>com.kms.katalon.core.logging.XmlKeywordLogger</class>
  <method>endKeyword</method>
  <thread>1</thread>
  <message>End action : getHttpHeaderProperties().add(new com.kms.katalon.core.testobject.TestObjectProperty(Authorization, com.kms.katalon.core.testobject.ConditionType.EQUALS, (Bearer  + token)))</message>
  <nestedLevel>1</nestedLevel>
</record>
<record>
  <date>2019-01-22T15:03:40</date>
  <millis>1548191020912</millis>
  <sequence>71</sequence>
  <level>START</level>
  <class>com.kms.katalon.core.logging.XmlKeywordLogger</class>
  <method>startKeyword</method>
  <thread>1</thread>
  <message>Start action : sendRequestAndVerify(getUserInfoTestObject)</message>
  <nestedLevel>1</nestedLevel>
  <property name="startLine">63</property>
  <property name="stepIndex">7</property>
</record>
<record>
  <date>2019-01-22T15:03:41</date>
  <millis>1548191021376</millis>
  <sequence>74</sequence>
  <level>START</level>
  <class>com.kms.katalon.core.logging.XmlKeywordLogger</class>
  <method>startTest</method>
  <thread>1</thread>
  <message>Start Test Case : Verification</message>
  <nestedLevel>2</nestedLevel>
</record>
<record>
  <date>2019-01-22T15:03:41</date>
  <millis>1548191021484</millis>
  <sequence>75</sequence>
  <level>START</level>
  <class>com.kms.katalon.core.logging.XmlKeywordLogger</class>
  <method>startKeyword</method>
  <thread>1</thread>
  <message>Start action : request = getInstance().getCurrentRequest()</message>
  <nestedLevel>1</nestedLevel>
  <property name="startLine">11</property>
  <property name="stepIndex">1</property>
</record>
<record>
  <date>2019-01-22T15:03:41</date>
  <millis>1548191021535</millis>
  <sequence>76</sequence>
  <level>END</level>
  <class>com.kms.katalon.core.logging.XmlKeywordLogger</class>
  <method>endKeyword</method>
  <thread>1</thread>
  <message>End action : request = getInstance().getCurrentRequest()</message>
  <nestedLevel>1</nestedLevel>
</record>
<record>
  <date>2019-01-22T15:03:41</date>
  <millis>1548191021536</millis>
  <sequence>77</sequence>
  <level>START</level>
  <class>com.kms.katalon.core.logging.XmlKeywordLogger</class>
  <method>startKeyword</method>
  <thread>1</thread>
  <message>Start action : response = getInstance().getCurrentResponse()</message>
  <nestedLevel>1</nestedLevel>
  <property name="startLine">13</property>
  <property name="stepIndex">2</property>
</record>
<record>
  <date>2019-01-22T15:03:41</date>
  <millis>1548191021541</millis>
  <sequence>78</sequence>
  <level>END</level>
  <class>com.kms.katalon.core.logging.XmlKeywordLogger</class>
  <method>endKeyword</method>
  <thread>1</thread>
  <message>End action : response = getInstance().getCurrentResponse()</message>
  <nestedLevel>1</nestedLevel>
</record>
<record>
  <date>2019-01-22T15:03:41</date>
  <millis>1548191021542</millis>
  <sequence>79</sequence>
  <level>START</level>
  <class>com.kms.katalon.core.logging.XmlKeywordLogger</class>
  <method>startKeyword</method>
  <thread>1</thread>
  <message>Start action : verifyResponseStatusCode(response, 200)</message>
  <nestedLevel>1</nestedLevel>
  <property name="startLine">17</property>
  <property name="stepIndex">3</property>
</record>
<record>
  <date>2019-01-22T15:03:41</date>
  <millis>1548191021549</millis>
  <sequence>81</sequence>
  <level>PASSED</level>
  <class>com.kms.katalon.core.logging.XmlKeywordLogger</class>
  <method>logMessage</method>
  <thread>1</thread>
  <message>Verify response status code successfully</message>
  <nestedLevel>2</nestedLevel>
</record>
<record>
  <date>2019-01-22T15:03:41</date>
  <millis>1548191021550</millis>
  <sequence>82</sequence>
  <level>END</level>
  <class>com.kms.katalon.core.logging.XmlKeywordLogger</class>
  <method>endKeyword</method>
  <thread>1</thread>
  <message>End action : verifyResponseStatusCode(response, 200)</message>
  <nestedLevel>1</nestedLevel>
</record>
<record>
  <date>2019-01-22T15:03:41</date>
  <millis>1548191021550</millis>
  <sequence>83</sequence>
  <level>START</level>
  <class>com.kms.katalon.core.logging.XmlKeywordLogger</class>
  <method>startKeyword</method>
  <thread>1</thread>
  <message>Start action : getStatusCode()).isEqualTo(200)</message>
  <nestedLevel>1</nestedLevel>
  <property name="startLine">19</property>
  <property name="stepIndex">4</property>
</record>
<record>
  <date>2019-01-22T15:03:41</date>
  <millis>1548191021554</millis>
  <sequence>84</sequence>
  <level>END</level>
  <class>com.kms.katalon.core.logging.XmlKeywordLogger</class>
  <method>endKeyword</method>
  <thread>1</thread>
  <message>End action : getStatusCode()).isEqualTo(200)</message>
  <nestedLevel>1</nestedLevel>
</record>
<record>
  <date>2019-01-22T15:03:41</date>
  <millis>1548191021555</millis>
  <sequence>85</sequence>
  <level>PASSED</level>
  <class>com.kms.katalon.core.logging.XmlKeywordLogger</class>
  <method>logMessage</method>
  <thread>1</thread>
  <message>Verification accomplished successfully</message>
  <nestedLevel>2</nestedLevel>
</record>
<record>
  <date>2019-01-22T15:03:41</date>
  <millis>1548191021555</millis>
  <sequence>86</sequence>
  <level>END</level>
  <class>com.kms.katalon.core.logging.XmlKeywordLogger</class>
  <method>endTest</method>
  <thread>1</thread>
  <message>End Test Case : Verification</message>
  <nestedLevel>1</nestedLevel>
</record>
<record>
  <date>2019-01-22T15:03:41</date>
  <millis>1548191021555</millis>
  <sequence>87</sequence>
  <level>PASSED</level>
  <class>com.kms.katalon.core.logging.XmlKeywordLogger</class>
  <method>logMessage</method>
  <thread>1</thread>
  <message>Verify response successfully</message>
  <nestedLevel>1</nestedLevel>
</record>
<record>
  <date>2019-01-22T15:03:41</date>
  <millis>1548191021556</millis>
  <sequence>88</sequence>
  <level>PASSED</level>
  <class>com.kms.katalon.core.logging.XmlKeywordLogger</class>
  <method>logMessage</method>
  <thread>1</thread>
  <message>Send request and verify the response successfully</message>
  <nestedLevel>1</nestedLevel>
</record>
<record>
  <date>2019-01-22T15:03:41</date>
  <millis>1548191021556</millis>
  <sequence>89</sequence>
  <level>END</level>
  <class>com.kms.katalon.core.logging.XmlKeywordLogger</class>
  <method>endKeyword</method>
  <thread>1</thread>
  <message>End action : sendRequestAndVerify(getUserInfoTestObject)</message>
  <nestedLevel>1</nestedLevel>
</record>
<record>
  <date>2019-01-22T15:03:41</date>
  <millis>1548191021556</millis>
  <sequence>90</sequence>
  <level>PASSED</level>
  <class>com.kms.katalon.core.logging.XmlKeywordLogger</class>
  <method>logMessage</method>
  <thread>1</thread>
  <message>Test Cases/Checklist/TC2_Checklist_MarkArchived</message>
  <nestedLevel>1</nestedLevel>
</record>
<record>
  <date>2019-01-22T15:03:43</date>
  <millis>1548191023592</millis>
  <sequence>91</sequence>
  <level>END</level>
  <class>com.kms.katalon.core.logging.XmlKeywordLogger</class>
  <method>endTest</method>
  <thread>1</thread>
  <message>End Test Case : Test Cases/Checklist/TC2_Checklist_MarkArchived</message>
  <nestedLevel>0</nestedLevel>
</record>
<record>
  <date>2019-01-22T15:03:43</date>
  <millis>1548191023596</millis>
  <sequence>92</sequence>
  <level>START</level>
  <class>com.kms.katalon.core.logging.XmlKeywordLogger</class>
  <method>startTest</method>
  <thread>1</thread>
  <message>Start Test Case : Test Cases/Checklist/TC3_Checklist_MarkDone</message>
  <nestedLevel>1</nestedLevel>
  <property name="name">Test Cases/Checklist/TC3_Checklist_MarkDone</property>
  <property name="description"></property>
  <property name="id">Test Cases/Checklist/TC3_Checklist_MarkDone</property>
  <property name="source">C:\\Users\\taylor.sablowsky\\Katalon Studio\\API PoC_BK\\Test Cases\\Checklist\\TC3_Checklist_MarkDone.tc</property>
  <property name="isOptional">false</property>
</record>
<record>
  <date>2019-01-22T15:03:43</date>
  <millis>1548191023777</millis>
  <sequence>94</sequence>
  <level>START</level>
  <class>com.kms.katalon.core.logging.XmlKeywordLogger</class>
  <method>startKeyword</method>
  <thread>1</thread>
  <message>Start action : getTokenTestObject = findTestObject(\&amp;quot;Helpers/Login/Helper_MO_Login\&amp;quot;)</message>
  <nestedLevel>1</nestedLevel>
  <property name="startLine">28</property>
  <property name="stepIndex">1</property>
</record>
<record>
  <date>2019-01-22T15:03:43</date>
  <millis>1548191023826</millis>
  <sequence>96</sequence>
  <level>END</level>
  <class>com.kms.katalon.core.logging.XmlKeywordLogger</class>
  <method>endKeyword</method>
  <thread>1</thread>
  <message>End action : getTokenTestObject = findTestObject(\&amp;quot;Helpers/Login/Helper_MO_Login\&amp;quot;)</message>
  <nestedLevel>1</nestedLevel>
</record>
<record>
  <date>2019-01-22T15:03:43</date>
  <millis>1548191023827</millis>
  <sequence>97</sequence>
  <level>START</level>
  <class>com.kms.katalon.core.logging.XmlKeywordLogger</class>
  <method>startKeyword</method>
  <thread>1</thread>
  <message>Start action : responseTokenObject = sendRequest(getTokenTestObject)</message>
  <nestedLevel>1</nestedLevel>
  <property name="startLine">39</property>
  <property name="stepIndex">2</property>
</record>
<record>
  <date>2019-01-22T15:03:44</date>
  <millis>1548191024522</millis>
  <sequence>100</sequence>
  <level>INFO</level>
  <class>com.kms.katalon.core.logging.XmlKeywordLogger</class>
  <method>logMessage</method>
  <thread>1</thread>
  <message>HAR: C:\\Users\\taylor.sablowsky\\Katalon Studio\\API PoC_BK\\Reports\\Checklist\\20190122_150327\\requests\\main\\2.har</message>
  <nestedLevel>1</nestedLevel>
  <property name="harId">90f4fb90-3722-4158-b98d-f58d881e2065</property>
</record>
<record>
  <date>2019-01-22T15:03:44</date>
  <millis>1548191024526</millis>
  <sequence>101</sequence>
  <level>PASSED</level>
  <class>com.kms.katalon.core.logging.XmlKeywordLogger</class>
  <method>logMessage</method>
  <thread>1</thread>
  <message>Send request successfully</message>
  <nestedLevel>1</nestedLevel>
</record>
<record>
  <date>2019-01-22T15:03:44</date>
  <millis>1548191024526</millis>
  <sequence>102</sequence>
  <level>END</level>
  <class>com.kms.katalon.core.logging.XmlKeywordLogger</class>
  <method>endKeyword</method>
  <thread>1</thread>
  <message>End action : responseTokenObject = sendRequest(getTokenTestObject)</message>
  <nestedLevel>1</nestedLevel>
</record>
<record>
  <date>2019-01-22T15:03:44</date>
  <millis>1548191024527</millis>
  <sequence>103</sequence>
  <level>START</level>
  <class>com.kms.katalon.core.logging.XmlKeywordLogger</class>
  <method>startKeyword</method>
  <thread>1</thread>
  <message>Start action : tokenObject = JsonSlurper().parseText(responseTokenObject.getResponseText())</message>
  <nestedLevel>1</nestedLevel>
  <property name="startLine">43</property>
  <property name="stepIndex">3</property>
</record>
<record>
  <date>2019-01-22T15:03:44</date>
  <millis>1548191024530</millis>
  <sequence>104</sequence>
  <level>END</level>
  <class>com.kms.katalon.core.logging.XmlKeywordLogger</class>
  <method>endKeyword</method>
  <thread>1</thread>
  <message>End action : tokenObject = JsonSlurper().parseText(responseTokenObject.getResponseText())</message>
  <nestedLevel>1</nestedLevel>
</record>
<record>
  <date>2019-01-22T15:03:44</date>
  <millis>1548191024530</millis>
  <sequence>105</sequence>
  <level>START</level>
  <class>com.kms.katalon.core.logging.XmlKeywordLogger</class>
  <method>startKeyword</method>
  <thread>1</thread>
  <message>Start action : token = bearer_token</message>
  <nestedLevel>1</nestedLevel>
  <property name="startLine">46</property>
  <property name="stepIndex">4</property>
</record>
<record>
  <date>2019-01-22T15:03:44</date>
  <millis>1548191024549</millis>
  <sequence>106</sequence>
  <level>END</level>
  <class>com.kms.katalon.core.logging.XmlKeywordLogger</class>
  <method>endKeyword</method>
  <thread>1</thread>
  <message>End action : token = bearer_token</message>
  <nestedLevel>1</nestedLevel>
</record>
<record>
  <date>2019-01-22T15:03:44</date>
  <millis>1548191024550</millis>
  <sequence>107</sequence>
  <level>START</level>
  <class>com.kms.katalon.core.logging.XmlKeywordLogger</class>
  <method>startKeyword</method>
  <thread>1</thread>
  <message>Start action : getUserInfoTestObject = findTestObject(\&amp;quot;Helpers/Checklist/Put_Checklist_MarkDone\&amp;quot;)</message>
  <nestedLevel>1</nestedLevel>
  <property name="startLine">50</property>
  <property name="stepIndex">5</property>
</record>
<record>
  <date>2019-01-22T15:03:44</date>
  <millis>1548191024593</millis>
  <sequence>109</sequence>
  <level>END</level>
  <class>com.kms.katalon.core.logging.XmlKeywordLogger</class>
  <method>endKeyword</method>
  <thread>1</thread>
  <message>End action : getUserInfoTestObject = findTestObject(\&amp;quot;Helpers/Checklist/Put_Checklist_MarkDone\&amp;quot;)</message>
  <nestedLevel>1</nestedLevel>
</record>
<record>
  <date>2019-01-22T15:03:44</date>
  <millis>1548191024593</millis>
  <sequence>110</sequence>
  <level>START</level>
  <class>com.kms.katalon.core.logging.XmlKeywordLogger</class>
  <method>startKeyword</method>
  <thread>1</thread>
  <message>Start action : getHttpHeaderProperties().add(new com.kms.katalon.core.testobject.TestObjectProperty(Authorization, com.kms.katalon.core.testobject.ConditionType.EQUALS, (Bearer  + token)))</message>
  <nestedLevel>1</nestedLevel>
  <property name="startLine">53</property>
  <property name="stepIndex">6</property>
</record>
<record>
  <date>2019-01-22T15:03:44</date>
  <millis>1548191024597</millis>
  <sequence>111</sequence>
  <level>END</level>
  <class>com.kms.katalon.core.logging.XmlKeywordLogger</class>
  <method>endKeyword</method>
  <thread>1</thread>
  <message>End action : getHttpHeaderProperties().add(new com.kms.katalon.core.testobject.TestObjectProperty(Authorization, com.kms.katalon.core.testobject.ConditionType.EQUALS, (Bearer  + token)))</message>
  <nestedLevel>1</nestedLevel>
</record>
<record>
  <date>2019-01-22T15:03:44</date>
  <millis>1548191024598</millis>
  <sequence>112</sequence>
  <level>START</level>
  <class>com.kms.katalon.core.logging.XmlKeywordLogger</class>
  <method>startKeyword</method>
  <thread>1</thread>
  <message>Start action : sendRequestAndVerify(getUserInfoTestObject)</message>
  <nestedLevel>1</nestedLevel>
  <property name="startLine">63</property>
  <property name="stepIndex">7</property>
</record>
<record>
  <date>2019-01-22T15:03:45</date>
  <millis>1548191025017</millis>
  <sequence>115</sequence>
  <level>START</level>
  <class>com.kms.katalon.core.logging.XmlKeywordLogger</class>
  <method>startTest</method>
  <thread>1</thread>
  <message>Start Test Case : Verification</message>
  <nestedLevel>2</nestedLevel>
</record>
<record>
  <date>2019-01-22T15:03:45</date>
  <millis>1548191025104</millis>
  <sequence>116</sequence>
  <level>START</level>
  <class>com.kms.katalon.core.logging.XmlKeywordLogger</class>
  <method>startKeyword</method>
  <thread>1</thread>
  <message>Start action : request = getInstance().getCurrentRequest()</message>
  <nestedLevel>1</nestedLevel>
  <property name="startLine">11</property>
  <property name="stepIndex">1</property>
</record>
<record>
  <date>2019-01-22T15:03:45</date>
  <millis>1548191025162</millis>
  <sequence>117</sequence>
  <level>END</level>
  <class>com.kms.katalon.core.logging.XmlKeywordLogger</class>
  <method>endKeyword</method>
  <thread>1</thread>
  <message>End action : request = getInstance().getCurrentRequest()</message>
  <nestedLevel>1</nestedLevel>
</record>
<record>
  <date>2019-01-22T15:03:45</date>
  <millis>1548191025162</millis>
  <sequence>118</sequence>
  <level>START</level>
  <class>com.kms.katalon.core.logging.XmlKeywordLogger</class>
  <method>startKeyword</method>
  <thread>1</thread>
  <message>Start action : response = getInstance().getCurrentResponse()</message>
  <nestedLevel>1</nestedLevel>
  <property name="startLine">13</property>
  <property name="stepIndex">2</property>
</record>
<record>
  <date>2019-01-22T15:03:45</date>
  <millis>1548191025167</millis>
  <sequence>119</sequence>
  <level>END</level>
  <class>com.kms.katalon.core.logging.XmlKeywordLogger</class>
  <method>endKeyword</method>
  <thread>1</thread>
  <message>End action : response = getInstance().getCurrentResponse()</message>
  <nestedLevel>1</nestedLevel>
</record>
<record>
  <date>2019-01-22T15:03:45</date>
  <millis>1548191025168</millis>
  <sequence>120</sequence>
  <level>START</level>
  <class>com.kms.katalon.core.logging.XmlKeywordLogger</class>
  <method>startKeyword</method>
  <thread>1</thread>
  <message>Start action : verifyResponseStatusCode(response, 200)</message>
  <nestedLevel>1</nestedLevel>
  <property name="startLine">17</property>
  <property name="stepIndex">3</property>
</record>
<record>
  <date>2019-01-22T15:03:45</date>
  <millis>1548191025173</millis>
  <sequence>122</sequence>
  <level>PASSED</level>
  <class>com.kms.katalon.core.logging.XmlKeywordLogger</class>
  <method>logMessage</method>
  <thread>1</thread>
  <message>Verify response status code successfully</message>
  <nestedLevel>2</nestedLevel>
</record>
<record>
  <date>2019-01-22T15:03:45</date>
  <millis>1548191025174</millis>
  <sequence>123</sequence>
  <level>END</level>
  <class>com.kms.katalon.core.logging.XmlKeywordLogger</class>
  <method>endKeyword</method>
  <thread>1</thread>
  <message>End action : verifyResponseStatusCode(response, 200)</message>
  <nestedLevel>1</nestedLevel>
</record>
<record>
  <date>2019-01-22T15:03:45</date>
  <millis>1548191025174</millis>
  <sequence>124</sequence>
  <level>START</level>
  <class>com.kms.katalon.core.logging.XmlKeywordLogger</class>
  <method>startKeyword</method>
  <thread>1</thread>
  <message>Start action : getStatusCode()).isEqualTo(200)</message>
  <nestedLevel>1</nestedLevel>
  <property name="startLine">19</property>
  <property name="stepIndex">4</property>
</record>
<record>
  <date>2019-01-22T15:03:45</date>
  <millis>1548191025179</millis>
  <sequence>125</sequence>
  <level>END</level>
  <class>com.kms.katalon.core.logging.XmlKeywordLogger</class>
  <method>endKeyword</method>
  <thread>1</thread>
  <message>End action : getStatusCode()).isEqualTo(200)</message>
  <nestedLevel>1</nestedLevel>
</record>
<record>
  <date>2019-01-22T15:03:45</date>
  <millis>1548191025179</millis>
  <sequence>126</sequence>
  <level>PASSED</level>
  <class>com.kms.katalon.core.logging.XmlKeywordLogger</class>
  <method>logMessage</method>
  <thread>1</thread>
  <message>Verification accomplished successfully</message>
  <nestedLevel>2</nestedLevel>
</record>
<record>
  <date>2019-01-22T15:03:45</date>
  <millis>1548191025180</millis>
  <sequence>127</sequence>
  <level>END</level>
  <class>com.kms.katalon.core.logging.XmlKeywordLogger</class>
  <method>endTest</method>
  <thread>1</thread>
  <message>End Test Case : Verification</message>
  <nestedLevel>1</nestedLevel>
</record>
<record>
  <date>2019-01-22T15:03:45</date>
  <millis>1548191025180</millis>
  <sequence>128</sequence>
  <level>PASSED</level>
  <class>com.kms.katalon.core.logging.XmlKeywordLogger</class>
  <method>logMessage</method>
  <thread>1</thread>
  <message>Verify response successfully</message>
  <nestedLevel>1</nestedLevel>
</record>
<record>
  <date>2019-01-22T15:03:45</date>
  <millis>1548191025180</millis>
  <sequence>129</sequence>
  <level>PASSED</level>
  <class>com.kms.katalon.core.logging.XmlKeywordLogger</class>
  <method>logMessage</method>
  <thread>1</thread>
  <message>Send request and verify the response successfully</message>
  <nestedLevel>1</nestedLevel>
</record>
<record>
  <date>2019-01-22T15:03:45</date>
  <millis>1548191025181</millis>
  <sequence>130</sequence>
  <level>END</level>
  <class>com.kms.katalon.core.logging.XmlKeywordLogger</class>
  <method>endKeyword</method>
  <thread>1</thread>
  <message>End action : sendRequestAndVerify(getUserInfoTestObject)</message>
  <nestedLevel>1</nestedLevel>
</record>
<record>
  <date>2019-01-22T15:03:45</date>
  <millis>1548191025181</millis>
  <sequence>131</sequence>
  <level>PASSED</level>
  <class>com.kms.katalon.core.logging.XmlKeywordLogger</class>
  <method>logMessage</method>
  <thread>1</thread>
  <message>Test Cases/Checklist/TC3_Checklist_MarkDone</message>
  <nestedLevel>1</nestedLevel>
</record>
<record>
  <date>2019-01-22T15:03:47</date>
  <millis>1548191027238</millis>
  <sequence>132</sequence>
  <level>END</level>
  <class>com.kms.katalon.core.logging.XmlKeywordLogger</class>
  <method>endTest</method>
  <thread>1</thread>
  <message>End Test Case : Test Cases/Checklist/TC3_Checklist_MarkDone</message>
  <nestedLevel>0</nestedLevel>
</record>
<record>
  <date>2019-01-22T15:03:47</date>
  <millis>1548191027241</millis>
  <sequence>133</sequence>
  <level>START</level>
  <class>com.kms.katalon.core.logging.XmlKeywordLogger</class>
  <method>startTest</method>
  <thread>1</thread>
  <message>Start Test Case : Test Cases/Checklist/TC4_Checklist_MarkToDo</message>
  <nestedLevel>1</nestedLevel>
  <property name="name">Test Cases/Checklist/TC4_Checklist_MarkToDo</property>
  <property name="description"></property>
  <property name="id">Test Cases/Checklist/TC4_Checklist_MarkToDo</property>
  <property name="source">C:\\Users\\taylor.sablowsky\\Katalon Studio\\API PoC_BK\\Test Cases\\Checklist\\TC4_Checklist_MarkToDo.tc</property>
  <property name="isOptional">false</property>
</record>
<record>
  <date>2019-01-22T15:03:47</date>
  <millis>1548191027435</millis>
  <sequence>135</sequence>
  <level>START</level>
  <class>com.kms.katalon.core.logging.XmlKeywordLogger</class>
  <method>startKeyword</method>
  <thread>1</thread>
  <message>Start action : getTokenTestObject = findTestObject(\&amp;quot;Helpers/Login/Helper_MO_Login\&amp;quot;)</message>
  <nestedLevel>1</nestedLevel>
  <property name="startLine">28</property>
  <property name="stepIndex">1</property>
</record>
<record>
  <date>2019-01-22T15:03:47</date>
  <millis>1548191027491</millis>
  <sequence>137</sequence>
  <level>END</level>
  <class>com.kms.katalon.core.logging.XmlKeywordLogger</class>
  <method>endKeyword</method>
  <thread>1</thread>
  <message>End action : getTokenTestObject = findTestObject(\&amp;quot;Helpers/Login/Helper_MO_Login\&amp;quot;)</message>
  <nestedLevel>1</nestedLevel>
</record>
<record>
  <date>2019-01-22T15:03:47</date>
  <millis>1548191027492</millis>
  <sequence>138</sequence>
  <level>START</level>
  <class>com.kms.katalon.core.logging.XmlKeywordLogger</class>
  <method>startKeyword</method>
  <thread>1</thread>
  <message>Start action : responseTokenObject = sendRequest(getTokenTestObject)</message>
  <nestedLevel>1</nestedLevel>
  <property name="startLine">39</property>
  <property name="stepIndex">2</property>
</record>
<record>
  <date>2019-01-22T15:03:48</date>
  <millis>1548191028880</millis>
  <sequence>141</sequence>
  <level>INFO</level>
  <class>com.kms.katalon.core.logging.XmlKeywordLogger</class>
  <method>logMessage</method>
  <thread>1</thread>
  <message>HAR: C:\\Users\\taylor.sablowsky\\Katalon Studio\\API PoC_BK\\Reports\\Checklist\\20190122_150327\\requests\\main\\3.har</message>
  <nestedLevel>1</nestedLevel>
  <property name="harId">7821aa48-dd99-4512-b2da-21cd44572d9d</property>
</record>
<record>
  <date>2019-01-22T15:03:48</date>
  <millis>1548191028885</millis>
  <sequence>142</sequence>
  <level>PASSED</level>
  <class>com.kms.katalon.core.logging.XmlKeywordLogger</class>
  <method>logMessage</method>
  <thread>1</thread>
  <message>Send request successfully</message>
  <nestedLevel>1</nestedLevel>
</record>
<record>
  <date>2019-01-22T15:03:48</date>
  <millis>1548191028886</millis>
  <sequence>143</sequence>
  <level>END</level>
  <class>com.kms.katalon.core.logging.XmlKeywordLogger</class>
  <method>endKeyword</method>
  <thread>1</thread>
  <message>End action : responseTokenObject = sendRequest(getTokenTestObject)</message>
  <nestedLevel>1</nestedLevel>
</record>
<record>
  <date>2019-01-22T15:03:48</date>
  <millis>1548191028886</millis>
  <sequence>144</sequence>
  <level>START</level>
  <class>com.kms.katalon.core.logging.XmlKeywordLogger</class>
  <method>startKeyword</method>
  <thread>1</thread>
  <message>Start action : tokenObject = JsonSlurper().parseText(responseTokenObject.getResponseText())</message>
  <nestedLevel>1</nestedLevel>
  <property name="startLine">43</property>
  <property name="stepIndex">3</property>
</record>
<record>
  <date>2019-01-22T15:03:48</date>
  <millis>1548191028890</millis>
  <sequence>145</sequence>
  <level>END</level>
  <class>com.kms.katalon.core.logging.XmlKeywordLogger</class>
  <method>endKeyword</method>
  <thread>1</thread>
  <message>End action : tokenObject = JsonSlurper().parseText(responseTokenObject.getResponseText())</message>
  <nestedLevel>1</nestedLevel>
</record>
<record>
  <date>2019-01-22T15:03:48</date>
  <millis>1548191028891</millis>
  <sequence>146</sequence>
  <level>START</level>
  <class>com.kms.katalon.core.logging.XmlKeywordLogger</class>
  <method>startKeyword</method>
  <thread>1</thread>
  <message>Start action : token = bearer_token</message>
  <nestedLevel>1</nestedLevel>
  <property name="startLine">46</property>
  <property name="stepIndex">4</property>
</record>
<record>
  <date>2019-01-22T15:03:48</date>
  <millis>1548191028895</millis>
  <sequence>147</sequence>
  <level>END</level>
  <class>com.kms.katalon.core.logging.XmlKeywordLogger</class>
  <method>endKeyword</method>
  <thread>1</thread>
  <message>End action : token = bearer_token</message>
  <nestedLevel>1</nestedLevel>
</record>
<record>
  <date>2019-01-22T15:03:48</date>
  <millis>1548191028895</millis>
  <sequence>148</sequence>
  <level>START</level>
  <class>com.kms.katalon.core.logging.XmlKeywordLogger</class>
  <method>startKeyword</method>
  <thread>1</thread>
  <message>Start action : getUserInfoTestObject = findTestObject(\&amp;quot;Helper_v2/Helper_Checklist_MarkToDo\&amp;quot;)</message>
  <nestedLevel>1</nestedLevel>
  <property name="startLine">50</property>
  <property name="stepIndex">5</property>
</record>
<record>
  <date>2019-01-22T15:03:48</date>
  <millis>1548191028898</millis>
  <sequence>150</sequence>
  <level>WARNING</level>
  <class>com.kms.katalon.core.logging.XmlKeywordLogger</class>
  <method>logMessage</method>
  <thread>1</thread>
  <message>Test object with id &amp;apos;Object Repository/Helper_v2/Helper_Checklist_MarkToDo&amp;apos; does not exist</message>
  <nestedLevel>1</nestedLevel>
</record>
<record>
  <date>2019-01-22T15:03:48</date>
  <millis>1548191028898</millis>
  <sequence>151</sequence>
  <level>END</level>
  <class>com.kms.katalon.core.logging.XmlKeywordLogger</class>
  <method>endKeyword</method>
  <thread>1</thread>
  <message>End action : getUserInfoTestObject = findTestObject(\&amp;quot;Helper_v2/Helper_Checklist_MarkToDo\&amp;quot;)</message>
  <nestedLevel>1</nestedLevel>
</record>
<record>
  <date>2019-01-22T15:03:48</date>
  <millis>1548191028899</millis>
  <sequence>152</sequence>
  <level>START</level>
  <class>com.kms.katalon.core.logging.XmlKeywordLogger</class>
  <method>startKeyword</method>
  <thread>1</thread>
  <message>Start action : getHttpHeaderProperties().add(new com.kms.katalon.core.testobject.TestObjectProperty(Authorization, com.kms.katalon.core.testobject.ConditionType.EQUALS, (Bearer  + token)))</message>
  <nestedLevel>1</nestedLevel>
  <property name="startLine">53</property>
  <property name="stepIndex">6</property>
</record>
<record>
  <date>2019-01-22T15:03:48</date>
  <millis>1548191028910</millis>
  <sequence>154</sequence>
  <logger>com.kms.katalon.core.logging.XmlKeywordLogger</logger>
  <level>ERROR</level>
  <class>com.kms.katalon.core.logging.XmlKeywordLogger</class>
  <method>logMessage</method>
  <thread>1</thread>
  <message>getHttpHeaderProperties().add(new com.kms.katalon.core.testobject.TestObjectProperty(Authorization, com.kms.katalon.core.testobject.ConditionType.EQUALS, (Bearer  + token))) FAILED.\nReason:\njava.lang.NullPointerException: Cannot invoke method getHttpHeaderProperties() on null object\r\n\tat TC4_Checklist_MarkToDo.run(TC4_Checklist_MarkToDo:53)\r\n\tat com.kms.katalon.core.main.ScriptEngine.run(ScriptEngine.java:194)\r\n\tat com.kms.katalon.core.main.ScriptEngine.runScriptAsRawText(ScriptEngine.java:119)\r\n\tat com.kms.katalon.core.main.TestCaseExecutor.runScript(TestCaseExecutor.java:328)\r\n\tat com.kms.katalon.core.main.TestCaseExecutor.doExecute(TestCaseExecutor.java:319)\r\n\tat com.kms.katalon.core.main.TestCaseExecutor.processExecutionPhase(TestCaseExecutor.java:298)\r\n\tat com.kms.katalon.core.main.TestCaseExecutor.accessMainPhase(TestCaseExecutor.java:290)\r\n\tat com.kms.katalon.core.main.TestCaseExecutor.execute(TestCaseExecutor.java:224)\r\n\tat com.kms.katalon.core.main.TestSuiteExecutor.accessTestCaseMainPhase(TestSuiteExecutor.java:129)\r\n\tat com.kms.katalon.core.main.TestSuiteExecutor.accessTestSuiteMainPhase(TestSuiteExecutor.java:112)\r\n\tat com.kms.katalon.core.main.TestSuiteExecutor.execute(TestSuiteExecutor.java:81)\r\n\tat com.kms.katalon.core.main.TestCaseMain.startTestSuite(TestCaseMain.java:149)\r\n\tat com.kms.katalon.core.main.TestCaseMain$startTestSuite$0.call(Unknown Source)\r\n\tat TempTestSuite1548191007545.run(TempTestSuite1548191007545.groovy:36)\r\n</message>
  <exception>
    <message>java.lang.NullPointerException: Cannot invoke method getHttpHeaderProperties() on null object</message>
    <frame>
      <class>TC4_Checklist_MarkToDo</class>
      <method>run</method>
      <line>53</line>
    </frame>
    <frame>
      <class>com.kms.katalon.core.main.ScriptEngine</class>
      <method>run</method>
      <line>194</line>
    </frame>
    <frame>
      <class>com.kms.katalon.core.main.ScriptEngine</class>
      <method>runScriptAsRawText</method>
      <line>119</line>
    </frame>
    <frame>
      <class>com.kms.katalon.core.main.TestCaseExecutor</class>
      <method>runScript</method>
      <line>328</line>
    </frame>
    <frame>
      <class>com.kms.katalon.core.main.TestCaseExecutor</class>
      <method>doExecute</method>
      <line>319</line>
    </frame>
    <frame>
      <class>com.kms.katalon.core.main.TestCaseExecutor</class>
      <method>processExecutionPhase</method>
      <line>298</line>
    </frame>
    <frame>
      <class>com.kms.katalon.core.main.TestCaseExecutor</class>
      <method>accessMainPhase</method>
      <line>290</line>
    </frame>
    <frame>
      <class>com.kms.katalon.core.main.TestCaseExecutor</class>
      <method>execute</method>
      <line>224</line>
    </frame>
    <frame>
      <class>com.kms.katalon.core.main.TestSuiteExecutor</class>
      <method>accessTestCaseMainPhase</method>
      <line>129</line>
    </frame>
    <frame>
      <class>com.kms.katalon.core.main.TestSuiteExecutor</class>
      <method>accessTestSuiteMainPhase</method>
      <line>112</line>
    </frame>
    <frame>
      <class>com.kms.katalon.core.main.TestSuiteExecutor</class>
      <method>execute</method>
      <line>81</line>
    </frame>
    <frame>
      <class>com.kms.katalon.core.main.TestCaseMain</class>
      <method>startTestSuite</method>
      <line>149</line>
    </frame>
    <frame>
      <class>com.kms.katalon.core.main.TestCaseMain$startTestSuite$0</class>
      <method>call</method>
    </frame>
    <frame>
      <class>TempTestSuite1548191007545</class>
      <method>run</method>
      <line>36</line>
    </frame>
  </exception>
  <nestedLevel>0</nestedLevel>
</record>
<record>
  <date>2019-01-22T15:03:48</date>
  <millis>1548191028911</millis>
  <sequence>155</sequence>
  <level>END</level>
  <class>com.kms.katalon.core.logging.XmlKeywordLogger</class>
  <method>endKeyword</method>
  <thread>1</thread>
  <message>End action : getHttpHeaderProperties().add(new com.kms.katalon.core.testobject.TestObjectProperty(Authorization, com.kms.katalon.core.testobject.ConditionType.EQUALS, (Bearer  + token)))</message>
  <nestedLevel>1</nestedLevel>
</record>
<record>
  <date>2019-01-22T15:03:48</date>
  <millis>1548191028912</millis>
  <sequence>157</sequence>
  <logger>com.kms.katalon.core.logging.XmlKeywordLogger</logger>
  <level>ERROR</level>
  <class>com.kms.katalon.core.logging.XmlKeywordLogger</class>
  <method>logMessage</method>
  <thread>1</thread>
  <message>Test Cases/Checklist/TC4_Checklist_MarkToDo FAILED.\nReason:\njava.lang.NullPointerException: Cannot invoke method getHttpHeaderProperties() on null object\r\n\tat TC4_Checklist_MarkToDo.run(TC4_Checklist_MarkToDo:53)\r\n\tat com.kms.katalon.core.main.ScriptEngine.run(ScriptEngine.java:194)\r\n\tat com.kms.katalon.core.main.ScriptEngine.runScriptAsRawText(ScriptEngine.java:119)\r\n\tat com.kms.katalon.core.main.TestCaseExecutor.runScript(TestCaseExecutor.java:328)\r\n\tat com.kms.katalon.core.main.TestCaseExecutor.doExecute(TestCaseExecutor.java:319)\r\n\tat com.kms.katalon.core.main.TestCaseExecutor.processExecutionPhase(TestCaseExecutor.java:298)\r\n\tat com.kms.katalon.core.main.TestCaseExecutor.accessMainPhase(TestCaseExecutor.java:290)\r\n\tat com.kms.katalon.core.main.TestCaseExecutor.execute(TestCaseExecutor.java:224)\r\n\tat com.kms.katalon.core.main.TestSuiteExecutor.accessTestCaseMainPhase(TestSuiteExecutor.java:129)\r\n\tat com.kms.katalon.core.main.TestSuiteExecutor.accessTestSuiteMainPhase(TestSuiteExecutor.java:112)\r\n\tat com.kms.katalon.core.main.TestSuiteExecutor.execute(TestSuiteExecutor.java:81)\r\n\tat com.kms.katalon.core.main.TestCaseMain.startTestSuite(TestCaseMain.java:149)\r\n\tat com.kms.katalon.core.main.TestCaseMain$startTestSuite$0.call(Unknown Source)\r\n\tat TempTestSuite1548191007545.run(TempTestSuite1548191007545.groovy:36)\r\n</message>
  <exception>
    <message>java.lang.NullPointerException: Cannot invoke method getHttpHeaderProperties() on null object</message>
    <frame>
      <class>TC4_Checklist_MarkToDo</class>
      <method>run</method>
      <line>53</line>
    </frame>
    <frame>
      <class>com.kms.katalon.core.main.ScriptEngine</class>
      <method>run</method>
      <line>194</line>
    </frame>
    <frame>
      <class>com.kms.katalon.core.main.ScriptEngine</class>
      <method>runScriptAsRawText</method>
      <line>119</line>
    </frame>
    <frame>
      <class>com.kms.katalon.core.main.TestCaseExecutor</class>
      <method>runScript</method>
      <line>328</line>
    </frame>
    <frame>
      <class>com.kms.katalon.core.main.TestCaseExecutor</class>
      <method>doExecute</method>
      <line>319</line>
    </frame>
    <frame>
      <class>com.kms.katalon.core.main.TestCaseExecutor</class>
      <method>processExecutionPhase</method>
      <line>298</line>
    </frame>
    <frame>
      <class>com.kms.katalon.core.main.TestCaseExecutor</class>
      <method>accessMainPhase</method>
      <line>290</line>
    </frame>
    <frame>
      <class>com.kms.katalon.core.main.TestCaseExecutor</class>
      <method>execute</method>
      <line>224</line>
    </frame>
    <frame>
      <class>com.kms.katalon.core.main.TestSuiteExecutor</class>
      <method>accessTestCaseMainPhase</method>
      <line>129</line>
    </frame>
    <frame>
      <class>com.kms.katalon.core.main.TestSuiteExecutor</class>
      <method>accessTestSuiteMainPhase</method>
      <line>112</line>
    </frame>
    <frame>
      <class>com.kms.katalon.core.main.TestSuiteExecutor</class>
      <method>execute</method>
      <line>81</line>
    </frame>
    <frame>
      <class>com.kms.katalon.core.main.TestCaseMain</class>
      <method>startTestSuite</method>
      <line>149</line>
    </frame>
    <frame>
      <class>com.kms.katalon.core.main.TestCaseMain$startTestSuite$0</class>
      <method>call</method>
    </frame>
    <frame>
      <class>TempTestSuite1548191007545</class>
      <method>run</method>
      <line>36</line>
    </frame>
  </exception>
  <nestedLevel>0</nestedLevel>
</record>
<record>
  <date>2019-01-22T15:03:50</date>
  <millis>1548191030941</millis>
  <sequence>158</sequence>
  <level>END</level>
  <class>com.kms.katalon.core.logging.XmlKeywordLogger</class>
  <method>endTest</method>
  <thread>1</thread>
  <message>End Test Case : Test Cases/Checklist/TC4_Checklist_MarkToDo</message>
  <nestedLevel>0</nestedLevel>
</record>
<record>
  <date>2019-01-22T15:03:50</date>
  <millis>1548191030945</millis>
  <sequence>159</sequence>
  <level>START</level>
  <class>com.kms.katalon.core.logging.XmlKeywordLogger</class>
  <method>startTest</method>
  <thread>1</thread>
  <message>Start Test Case : Test Cases/Checklist/TC5_Checklist_DeleteNotes</message>
  <nestedLevel>1</nestedLevel>
  <property name="name">Test Cases/Checklist/TC5_Checklist_DeleteNotes</property>
  <property name="description"></property>
  <property name="id">Test Cases/Checklist/TC5_Checklist_DeleteNotes</property>
  <property name="source">C:\\Users\\taylor.sablowsky\\Katalon Studio\\API PoC_BK\\Test Cases\\Checklist\\TC5_Checklist_DeleteNotes.tc</property>
  <property name="isOptional">false</property>
</record>
<record>
  <date>2019-01-22T15:03:51</date>
  <millis>1548191031130</millis>
  <sequence>161</sequence>
  <level>START</level>
  <class>com.kms.katalon.core.logging.XmlKeywordLogger</class>
  <method>startKeyword</method>
  <thread>1</thread>
  <message>Start action : getTokenTestObject = findTestObject(\&amp;quot;Helpers/Login/Helper_MO_Login\&amp;quot;)</message>
  <nestedLevel>1</nestedLevel>
  <property name="startLine">28</property>
  <property name="stepIndex">1</property>
</record>
<record>
  <date>2019-01-22T15:03:51</date>
  <millis>1548191031192</millis>
  <sequence>163</sequence>
  <level>END</level>
  <class>com.kms.katalon.core.logging.XmlKeywordLogger</class>
  <method>endKeyword</method>
  <thread>1</thread>
  <message>End action : getTokenTestObject = findTestObject(\&amp;quot;Helpers/Login/Helper_MO_Login\&amp;quot;)</message>
  <nestedLevel>1</nestedLevel>
</record>
<record>
  <date>2019-01-22T15:03:51</date>
  <millis>1548191031192</millis>
  <sequence>164</sequence>
  <level>START</level>
  <class>com.kms.katalon.core.logging.XmlKeywordLogger</class>
  <method>startKeyword</method>
  <thread>1</thread>
  <message>Start action : responseTokenObject = sendRequest(getTokenTestObject)</message>
  <nestedLevel>1</nestedLevel>
  <property name="startLine">39</property>
  <property name="stepIndex">2</property>
</record>
<record>
  <date>2019-01-22T15:03:52</date>
  <millis>1548191032112</millis>
  <sequence>167</sequence>
  <level>INFO</level>
  <class>com.kms.katalon.core.logging.XmlKeywordLogger</class>
  <method>logMessage</method>
  <thread>1</thread>
  <message>HAR: C:\\Users\\taylor.sablowsky\\Katalon Studio\\API PoC_BK\\Reports\\Checklist\\20190122_150327\\requests\\main\\4.har</message>
  <nestedLevel>1</nestedLevel>
  <property name="harId">36187ab1-f204-4b39-83e4-d2ad3f02e056</property>
</record>
<record>
  <date>2019-01-22T15:03:52</date>
  <millis>1548191032116</millis>
  <sequence>168</sequence>
  <level>PASSED</level>
  <class>com.kms.katalon.core.logging.XmlKeywordLogger</class>
  <method>logMessage</method>
  <thread>1</thread>
  <message>Send request successfully</message>
  <nestedLevel>1</nestedLevel>
</record>
<record>
  <date>2019-01-22T15:03:52</date>
  <millis>1548191032117</millis>
  <sequence>169</sequence>
  <level>END</level>
  <class>com.kms.katalon.core.logging.XmlKeywordLogger</class>
  <method>endKeyword</method>
  <thread>1</thread>
  <message>End action : responseTokenObject = sendRequest(getTokenTestObject)</message>
  <nestedLevel>1</nestedLevel>
</record>
<record>
  <date>2019-01-22T15:03:52</date>
  <millis>1548191032117</millis>
  <sequence>170</sequence>
  <level>START</level>
  <class>com.kms.katalon.core.logging.XmlKeywordLogger</class>
  <method>startKeyword</method>
  <thread>1</thread>
  <message>Start action : tokenObject = JsonSlurper().parseText(responseTokenObject.getResponseText())</message>
  <nestedLevel>1</nestedLevel>
  <property name="startLine">43</property>
  <property name="stepIndex">3</property>
</record>
<record>
  <date>2019-01-22T15:03:52</date>
  <millis>1548191032120</millis>
  <sequence>171</sequence>
  <level>END</level>
  <class>com.kms.katalon.core.logging.XmlKeywordLogger</class>
  <method>endKeyword</method>
  <thread>1</thread>
  <message>End action : tokenObject = JsonSlurper().parseText(responseTokenObject.getResponseText())</message>
  <nestedLevel>1</nestedLevel>
</record>
<record>
  <date>2019-01-22T15:03:52</date>
  <millis>1548191032120</millis>
  <sequence>172</sequence>
  <level>START</level>
  <class>com.kms.katalon.core.logging.XmlKeywordLogger</class>
  <method>startKeyword</method>
  <thread>1</thread>
  <message>Start action : token = bearer_token</message>
  <nestedLevel>1</nestedLevel>
  <property name="startLine">46</property>
  <property name="stepIndex">4</property>
</record>
<record>
  <date>2019-01-22T15:03:52</date>
  <millis>1548191032123</millis>
  <sequence>173</sequence>
  <level>END</level>
  <class>com.kms.katalon.core.logging.XmlKeywordLogger</class>
  <method>endKeyword</method>
  <thread>1</thread>
  <message>End action : token = bearer_token</message>
  <nestedLevel>1</nestedLevel>
</record>
<record>
  <date>2019-01-22T15:03:52</date>
  <millis>1548191032123</millis>
  <sequence>174</sequence>
  <level>START</level>
  <class>com.kms.katalon.core.logging.XmlKeywordLogger</class>
  <method>startKeyword</method>
  <thread>1</thread>
  <message>Start action : getUserInfoTestObject = findTestObject(\&amp;quot;Helpers/Checklist/Put_Checklist_DeleteNotes\&amp;quot;)</message>
  <nestedLevel>1</nestedLevel>
  <property name="startLine">50</property>
  <property name="stepIndex">5</property>
</record>
<record>
  <date>2019-01-22T15:03:52</date>
  <millis>1548191032155</millis>
  <sequence>176</sequence>
  <level>END</level>
  <class>com.kms.katalon.core.logging.XmlKeywordLogger</class>
  <method>endKeyword</method>
  <thread>1</thread>
  <message>End action : getUserInfoTestObject = findTestObject(\&amp;quot;Helpers/Checklist/Put_Checklist_DeleteNotes\&amp;quot;)</message>
  <nestedLevel>1</nestedLevel>
</record>
<record>
  <date>2019-01-22T15:03:52</date>
  <millis>1548191032155</millis>
  <sequence>177</sequence>
  <level>START</level>
  <class>com.kms.katalon.core.logging.XmlKeywordLogger</class>
  <method>startKeyword</method>
  <thread>1</thread>
  <message>Start action : getHttpHeaderProperties().add(new com.kms.katalon.core.testobject.TestObjectProperty(Authorization, com.kms.katalon.core.testobject.ConditionType.EQUALS, (Bearer  + token)))</message>
  <nestedLevel>1</nestedLevel>
  <property name="startLine">53</property>
  <property name="stepIndex">6</property>
</record>
<record>
  <date>2019-01-22T15:03:52</date>
  <millis>1548191032158</millis>
  <sequence>178</sequence>
  <level>END</level>
  <class>com.kms.katalon.core.logging.XmlKeywordLogger</class>
  <method>endKeyword</method>
  <thread>1</thread>
  <message>End action : getHttpHeaderProperties().add(new com.kms.katalon.core.testobject.TestObjectProperty(Authorization, com.kms.katalon.core.testobject.ConditionType.EQUALS, (Bearer  + token)))</message>
  <nestedLevel>1</nestedLevel>
</record>
<record>
  <date>2019-01-22T15:03:52</date>
  <millis>1548191032159</millis>
  <sequence>179</sequence>
  <level>START</level>
  <class>com.kms.katalon.core.logging.XmlKeywordLogger</class>
  <method>startKeyword</method>
  <thread>1</thread>
  <message>Start action : sendRequestAndVerify(getUserInfoTestObject)</message>
  <nestedLevel>1</nestedLevel>
  <property name="startLine">63</property>
  <property name="stepIndex">7</property>
</record>
<record>
  <date>2019-01-22T15:03:52</date>
  <millis>1548191032615</millis>
  <sequence>182</sequence>
  <level>START</level>
  <class>com.kms.katalon.core.logging.XmlKeywordLogger</class>
  <method>startTest</method>
  <thread>1</thread>
  <message>Start Test Case : Verification</message>
  <nestedLevel>2</nestedLevel>
</record>
<record>
  <date>2019-01-22T15:03:52</date>
  <millis>1548191032690</millis>
  <sequence>183</sequence>
  <level>START</level>
  <class>com.kms.katalon.core.logging.XmlKeywordLogger</class>
  <method>startKeyword</method>
  <thread>1</thread>
  <message>Start action : request = getInstance().getCurrentRequest()</message>
  <nestedLevel>1</nestedLevel>
  <property name="startLine">11</property>
  <property name="stepIndex">1</property>
</record>
<record>
  <date>2019-01-22T15:03:52</date>
  <millis>1548191032739</millis>
  <sequence>184</sequence>
  <level>END</level>
  <class>com.kms.katalon.core.logging.XmlKeywordLogger</class>
  <method>endKeyword</method>
  <thread>1</thread>
  <message>End action : request = getInstance().getCurrentRequest()</message>
  <nestedLevel>1</nestedLevel>
</record>
<record>
  <date>2019-01-22T15:03:52</date>
  <millis>1548191032740</millis>
  <sequence>185</sequence>
  <level>START</level>
  <class>com.kms.katalon.core.logging.XmlKeywordLogger</class>
  <method>startKeyword</method>
  <thread>1</thread>
  <message>Start action : response = getInstance().getCurrentResponse()</message>
  <nestedLevel>1</nestedLevel>
  <property name="startLine">13</property>
  <property name="stepIndex">2</property>
</record>
<record>
  <date>2019-01-22T15:03:52</date>
  <millis>1548191032743</millis>
  <sequence>186</sequence>
  <level>END</level>
  <class>com.kms.katalon.core.logging.XmlKeywordLogger</class>
  <method>endKeyword</method>
  <thread>1</thread>
  <message>End action : response = getInstance().getCurrentResponse()</message>
  <nestedLevel>1</nestedLevel>
</record>
<record>
  <date>2019-01-22T15:03:52</date>
  <millis>1548191032743</millis>
  <sequence>187</sequence>
  <level>START</level>
  <class>com.kms.katalon.core.logging.XmlKeywordLogger</class>
  <method>startKeyword</method>
  <thread>1</thread>
  <message>Start action : verifyResponseStatusCode(response, 200)</message>
  <nestedLevel>1</nestedLevel>
  <property name="startLine">17</property>
  <property name="stepIndex">3</property>
</record>
<record>
  <date>2019-01-22T15:03:52</date>
  <millis>1548191032747</millis>
  <sequence>189</sequence>
  <level>PASSED</level>
  <class>com.kms.katalon.core.logging.XmlKeywordLogger</class>
  <method>logMessage</method>
  <thread>1</thread>
  <message>Verify response status code successfully</message>
  <nestedLevel>2</nestedLevel>
</record>
<record>
  <date>2019-01-22T15:03:52</date>
  <millis>1548191032747</millis>
  <sequence>190</sequence>
  <level>END</level>
  <class>com.kms.katalon.core.logging.XmlKeywordLogger</class>
  <method>endKeyword</method>
  <thread>1</thread>
  <message>End action : verifyResponseStatusCode(response, 200)</message>
  <nestedLevel>1</nestedLevel>
</record>
<record>
  <date>2019-01-22T15:03:52</date>
  <millis>1548191032747</millis>
  <sequence>191</sequence>
  <level>START</level>
  <class>com.kms.katalon.core.logging.XmlKeywordLogger</class>
  <method>startKeyword</method>
  <thread>1</thread>
  <message>Start action : getStatusCode()).isEqualTo(200)</message>
  <nestedLevel>1</nestedLevel>
  <property name="startLine">19</property>
  <property name="stepIndex">4</property>
</record>
<record>
  <date>2019-01-22T15:03:52</date>
  <millis>1548191032751</millis>
  <sequence>192</sequence>
  <level>END</level>
  <class>com.kms.katalon.core.logging.XmlKeywordLogger</class>
  <method>endKeyword</method>
  <thread>1</thread>
  <message>End action : getStatusCode()).isEqualTo(200)</message>
  <nestedLevel>1</nestedLevel>
</record>
<record>
  <date>2019-01-22T15:03:52</date>
  <millis>1548191032751</millis>
  <sequence>193</sequence>
  <level>PASSED</level>
  <class>com.kms.katalon.core.logging.XmlKeywordLogger</class>
  <method>logMessage</method>
  <thread>1</thread>
  <message>Verification accomplished successfully</message>
  <nestedLevel>2</nestedLevel>
</record>
<record>
  <date>2019-01-22T15:03:52</date>
  <millis>1548191032752</millis>
  <sequence>194</sequence>
  <level>END</level>
  <class>com.kms.katalon.core.logging.XmlKeywordLogger</class>
  <method>endTest</method>
  <thread>1</thread>
  <message>End Test Case : Verification</message>
  <nestedLevel>1</nestedLevel>
</record>
<record>
  <date>2019-01-22T15:03:52</date>
  <millis>1548191032752</millis>
  <sequence>195</sequence>
  <level>PASSED</level>
  <class>com.kms.katalon.core.logging.XmlKeywordLogger</class>
  <method>logMessage</method>
  <thread>1</thread>
  <message>Verify response successfully</message>
  <nestedLevel>1</nestedLevel>
</record>
<record>
  <date>2019-01-22T15:03:52</date>
  <millis>1548191032752</millis>
  <sequence>196</sequence>
  <level>PASSED</level>
  <class>com.kms.katalon.core.logging.XmlKeywordLogger</class>
  <method>logMessage</method>
  <thread>1</thread>
  <message>Send request and verify the response successfully</message>
  <nestedLevel>1</nestedLevel>
</record>
<record>
  <date>2019-01-22T15:03:52</date>
  <millis>1548191032753</millis>
  <sequence>197</sequence>
  <level>END</level>
  <class>com.kms.katalon.core.logging.XmlKeywordLogger</class>
  <method>endKeyword</method>
  <thread>1</thread>
  <message>End action : sendRequestAndVerify(getUserInfoTestObject)</message>
  <nestedLevel>1</nestedLevel>
</record>
<record>
  <date>2019-01-22T15:03:52</date>
  <millis>1548191032753</millis>
  <sequence>198</sequence>
  <level>PASSED</level>
  <class>com.kms.katalon.core.logging.XmlKeywordLogger</class>
  <method>logMessage</method>
  <thread>1</thread>
  <message>Test Cases/Checklist/TC5_Checklist_DeleteNotes</message>
  <nestedLevel>1</nestedLevel>
</record>
<record>
  <date>2019-01-22T15:03:54</date>
  <millis>1548191034767</millis>
  <sequence>199</sequence>
  <level>END</level>
  <class>com.kms.katalon.core.logging.XmlKeywordLogger</class>
  <method>endTest</method>
  <thread>1</thread>
  <message>End Test Case : Test Cases/Checklist/TC5_Checklist_DeleteNotes</message>
  <nestedLevel>0</nestedLevel>
</record>
<record>
  <date>2019-01-22T15:03:54</date>
  <millis>1548191034770</millis>
  <sequence>200</sequence>
  <level>START</level>
  <class>com.kms.katalon.core.logging.XmlKeywordLogger</class>
  <method>startTest</method>
  <thread>1</thread>
  <message>Start Test Case : Test Cases/Checklist/TC6_Checklist_AddNotes</message>
  <nestedLevel>1</nestedLevel>
  <property name="name">Test Cases/Checklist/TC6_Checklist_AddNotes</property>
  <property name="description"></property>
  <property name="id">Test Cases/Checklist/TC6_Checklist_AddNotes</property>
  <property name="source">C:\\Users\\taylor.sablowsky\\Katalon Studio\\API PoC_BK\\Test Cases\\Checklist\\TC6_Checklist_AddNotes.tc</property>
  <property name="isOptional">false</property>
</record>
<record>
  <date>2019-01-22T15:03:54</date>
  <millis>1548191034966</millis>
  <sequence>202</sequence>
  <level>START</level>
  <class>com.kms.katalon.core.logging.XmlKeywordLogger</class>
  <method>startKeyword</method>
  <thread>1</thread>
  <message>Start action : getTokenTestObject = findTestObject(\&amp;quot;Helpers/Login/Helper_MO_Login\&amp;quot;)</message>
  <nestedLevel>1</nestedLevel>
  <property name="startLine">28</property>
  <property name="stepIndex">1</property>
</record>
<record>
  <date>2019-01-22T15:03:55</date>
  <millis>1548191035026</millis>
  <sequence>204</sequence>
  <level>END</level>
  <class>com.kms.katalon.core.logging.XmlKeywordLogger</class>
  <method>endKeyword</method>
  <thread>1</thread>
  <message>End action : getTokenTestObject = findTestObject(\&amp;quot;Helpers/Login/Helper_MO_Login\&amp;quot;)</message>
  <nestedLevel>1</nestedLevel>
</record>
<record>
  <date>2019-01-22T15:03:55</date>
  <millis>1548191035026</millis>
  <sequence>205</sequence>
  <level>START</level>
  <class>com.kms.katalon.core.logging.XmlKeywordLogger</class>
  <method>startKeyword</method>
  <thread>1</thread>
  <message>Start action : responseTokenObject = sendRequest(getTokenTestObject)</message>
  <nestedLevel>1</nestedLevel>
  <property name="startLine">39</property>
  <property name="stepIndex">2</property>
</record>
<record>
  <date>2019-01-22T15:03:55</date>
  <millis>1548191035880</millis>
  <sequence>208</sequence>
  <level>INFO</level>
  <class>com.kms.katalon.core.logging.XmlKeywordLogger</class>
  <method>logMessage</method>
  <thread>1</thread>
  <message>HAR: C:\\Users\\taylor.sablowsky\\Katalon Studio\\API PoC_BK\\Reports\\Checklist\\20190122_150327\\requests\\main\\5.har</message>
  <nestedLevel>1</nestedLevel>
  <property name="harId">30b810f8-9a41-4804-b989-596047cbe141</property>
</record>
<record>
  <date>2019-01-22T15:03:55</date>
  <millis>1548191035884</millis>
  <sequence>209</sequence>
  <level>PASSED</level>
  <class>com.kms.katalon.core.logging.XmlKeywordLogger</class>
  <method>logMessage</method>
  <thread>1</thread>
  <message>Send request successfully</message>
  <nestedLevel>1</nestedLevel>
</record>
<record>
  <date>2019-01-22T15:03:55</date>
  <millis>1548191035884</millis>
  <sequence>210</sequence>
  <level>END</level>
  <class>com.kms.katalon.core.logging.XmlKeywordLogger</class>
  <method>endKeyword</method>
  <thread>1</thread>
  <message>End action : responseTokenObject = sendRequest(getTokenTestObject)</message>
  <nestedLevel>1</nestedLevel>
</record>
<record>
  <date>2019-01-22T15:03:55</date>
  <millis>1548191035885</millis>
  <sequence>211</sequence>
  <level>START</level>
  <class>com.kms.katalon.core.logging.XmlKeywordLogger</class>
  <method>startKeyword</method>
  <thread>1</thread>
  <message>Start action : tokenObject = JsonSlurper().parseText(responseTokenObject.getResponseText())</message>
  <nestedLevel>1</nestedLevel>
  <property name="startLine">43</property>
  <property name="stepIndex">3</property>
</record>
<record>
  <date>2019-01-22T15:03:55</date>
  <millis>1548191035889</millis>
  <sequence>212</sequence>
  <level>END</level>
  <class>com.kms.katalon.core.logging.XmlKeywordLogger</class>
  <method>endKeyword</method>
  <thread>1</thread>
  <message>End action : tokenObject = JsonSlurper().parseText(responseTokenObject.getResponseText())</message>
  <nestedLevel>1</nestedLevel>
</record>
<record>
  <date>2019-01-22T15:03:55</date>
  <millis>1548191035889</millis>
  <sequence>213</sequence>
  <level>START</level>
  <class>com.kms.katalon.core.logging.XmlKeywordLogger</class>
  <method>startKeyword</method>
  <thread>1</thread>
  <message>Start action : token = bearer_token</message>
  <nestedLevel>1</nestedLevel>
  <property name="startLine">46</property>
  <property name="stepIndex">4</property>
</record>
<record>
  <date>2019-01-22T15:03:55</date>
  <millis>1548191035893</millis>
  <sequence>214</sequence>
  <level>END</level>
  <class>com.kms.katalon.core.logging.XmlKeywordLogger</class>
  <method>endKeyword</method>
  <thread>1</thread>
  <message>End action : token = bearer_token</message>
  <nestedLevel>1</nestedLevel>
</record>
<record>
  <date>2019-01-22T15:03:55</date>
  <millis>1548191035893</millis>
  <sequence>215</sequence>
  <level>START</level>
  <class>com.kms.katalon.core.logging.XmlKeywordLogger</class>
  <method>startKeyword</method>
  <thread>1</thread>
  <message>Start action : getUserInfoTestObject = findTestObject(\&amp;quot;Helpers/Checklist/Put_Checklist_DeleteNotes\&amp;quot;)</message>
  <nestedLevel>1</nestedLevel>
  <property name="startLine">50</property>
  <property name="stepIndex">5</property>
</record>
<record>
  <date>2019-01-22T15:03:55</date>
  <millis>1548191035923</millis>
  <sequence>217</sequence>
  <level>END</level>
  <class>com.kms.katalon.core.logging.XmlKeywordLogger</class>
  <method>endKeyword</method>
  <thread>1</thread>
  <message>End action : getUserInfoTestObject = findTestObject(\&amp;quot;Helpers/Checklist/Put_Checklist_DeleteNotes\&amp;quot;)</message>
  <nestedLevel>1</nestedLevel>
</record>
<record>
  <date>2019-01-22T15:03:55</date>
  <millis>1548191035923</millis>
  <sequence>218</sequence>
  <level>START</level>
  <class>com.kms.katalon.core.logging.XmlKeywordLogger</class>
  <method>startKeyword</method>
  <thread>1</thread>
  <message>Start action : getHttpHeaderProperties().add(new com.kms.katalon.core.testobject.TestObjectProperty(Authorization, com.kms.katalon.core.testobject.ConditionType.EQUALS, (Bearer  + token)))</message>
  <nestedLevel>1</nestedLevel>
  <property name="startLine">53</property>
  <property name="stepIndex">6</property>
</record>
<record>
  <date>2019-01-22T15:03:55</date>
  <millis>1548191035928</millis>
  <sequence>219</sequence>
  <level>END</level>
  <class>com.kms.katalon.core.logging.XmlKeywordLogger</class>
  <method>endKeyword</method>
  <thread>1</thread>
  <message>End action : getHttpHeaderProperties().add(new com.kms.katalon.core.testobject.TestObjectProperty(Authorization, com.kms.katalon.core.testobject.ConditionType.EQUALS, (Bearer  + token)))</message>
  <nestedLevel>1</nestedLevel>
</record>
<record>
  <date>2019-01-22T15:03:55</date>
  <millis>1548191035928</millis>
  <sequence>220</sequence>
  <level>START</level>
  <class>com.kms.katalon.core.logging.XmlKeywordLogger</class>
  <method>startKeyword</method>
  <thread>1</thread>
  <message>Start action : sendRequestAndVerify(getUserInfoTestObject)</message>
  <nestedLevel>1</nestedLevel>
  <property name="startLine">63</property>
  <property name="stepIndex">7</property>
</record>
<record>
  <date>2019-01-22T15:03:56</date>
  <millis>1548191036399</millis>
  <sequence>223</sequence>
  <level>START</level>
  <class>com.kms.katalon.core.logging.XmlKeywordLogger</class>
  <method>startTest</method>
  <thread>1</thread>
  <message>Start Test Case : Verification</message>
  <nestedLevel>2</nestedLevel>
</record>
<record>
  <date>2019-01-22T15:03:56</date>
  <millis>1548191036479</millis>
  <sequence>224</sequence>
  <level>START</level>
  <class>com.kms.katalon.core.logging.XmlKeywordLogger</class>
  <method>startKeyword</method>
  <thread>1</thread>
  <message>Start action : request = getInstance().getCurrentRequest()</message>
  <nestedLevel>1</nestedLevel>
  <property name="startLine">11</property>
  <property name="stepIndex">1</property>
</record>
<record>
  <date>2019-01-22T15:03:56</date>
  <millis>1548191036530</millis>
  <sequence>225</sequence>
  <level>END</level>
  <class>com.kms.katalon.core.logging.XmlKeywordLogger</class>
  <method>endKeyword</method>
  <thread>1</thread>
  <message>End action : request = getInstance().getCurrentRequest()</message>
  <nestedLevel>1</nestedLevel>
</record>
<record>
  <date>2019-01-22T15:03:56</date>
  <millis>1548191036530</millis>
  <sequence>226</sequence>
  <level>START</level>
  <class>com.kms.katalon.core.logging.XmlKeywordLogger</class>
  <method>startKeyword</method>
  <thread>1</thread>
  <message>Start action : response = getInstance().getCurrentResponse()</message>
  <nestedLevel>1</nestedLevel>
  <property name="startLine">13</property>
  <property name="stepIndex">2</property>
</record>
<record>
  <date>2019-01-22T15:03:56</date>
  <millis>1548191036534</millis>
  <sequence>227</sequence>
  <level>END</level>
  <class>com.kms.katalon.core.logging.XmlKeywordLogger</class>
  <method>endKeyword</method>
  <thread>1</thread>
  <message>End action : response = getInstance().getCurrentResponse()</message>
  <nestedLevel>1</nestedLevel>
</record>
<record>
  <date>2019-01-22T15:03:56</date>
  <millis>1548191036534</millis>
  <sequence>228</sequence>
  <level>START</level>
  <class>com.kms.katalon.core.logging.XmlKeywordLogger</class>
  <method>startKeyword</method>
  <thread>1</thread>
  <message>Start action : verifyResponseStatusCode(response, 200)</message>
  <nestedLevel>1</nestedLevel>
  <property name="startLine">17</property>
  <property name="stepIndex">3</property>
</record>
<record>
  <date>2019-01-22T15:03:56</date>
  <millis>1548191036539</millis>
  <sequence>230</sequence>
  <level>PASSED</level>
  <class>com.kms.katalon.core.logging.XmlKeywordLogger</class>
  <method>logMessage</method>
  <thread>1</thread>
  <message>Verify response status code successfully</message>
  <nestedLevel>2</nestedLevel>
</record>
<record>
  <date>2019-01-22T15:03:56</date>
  <millis>1548191036539</millis>
  <sequence>231</sequence>
  <level>END</level>
  <class>com.kms.katalon.core.logging.XmlKeywordLogger</class>
  <method>endKeyword</method>
  <thread>1</thread>
  <message>End action : verifyResponseStatusCode(response, 200)</message>
  <nestedLevel>1</nestedLevel>
</record>
<record>
  <date>2019-01-22T15:03:56</date>
  <millis>1548191036540</millis>
  <sequence>232</sequence>
  <level>START</level>
  <class>com.kms.katalon.core.logging.XmlKeywordLogger</class>
  <method>startKeyword</method>
  <thread>1</thread>
  <message>Start action : getStatusCode()).isEqualTo(200)</message>
  <nestedLevel>1</nestedLevel>
  <property name="startLine">19</property>
  <property name="stepIndex">4</property>
</record>
<record>
  <date>2019-01-22T15:03:56</date>
  <millis>1548191036544</millis>
  <sequence>233</sequence>
  <level>END</level>
  <class>com.kms.katalon.core.logging.XmlKeywordLogger</class>
  <method>endKeyword</method>
  <thread>1</thread>
  <message>End action : getStatusCode()).isEqualTo(200)</message>
  <nestedLevel>1</nestedLevel>
</record>
<record>
  <date>2019-01-22T15:03:56</date>
  <millis>1548191036544</millis>
  <sequence>234</sequence>
  <level>PASSED</level>
  <class>com.kms.katalon.core.logging.XmlKeywordLogger</class>
  <method>logMessage</method>
  <thread>1</thread>
  <message>Verification accomplished successfully</message>
  <nestedLevel>2</nestedLevel>
</record>
<record>
  <date>2019-01-22T15:03:56</date>
  <millis>1548191036544</millis>
  <sequence>235</sequence>
  <level>END</level>
  <class>com.kms.katalon.core.logging.XmlKeywordLogger</class>
  <method>endTest</method>
  <thread>1</thread>
  <message>End Test Case : Verification</message>
  <nestedLevel>1</nestedLevel>
</record>
<record>
  <date>2019-01-22T15:03:56</date>
  <millis>1548191036545</millis>
  <sequence>236</sequence>
  <level>PASSED</level>
  <class>com.kms.katalon.core.logging.XmlKeywordLogger</class>
  <method>logMessage</method>
  <thread>1</thread>
  <message>Verify response successfully</message>
  <nestedLevel>1</nestedLevel>
</record>
<record>
  <date>2019-01-22T15:03:56</date>
  <millis>1548191036545</millis>
  <sequence>237</sequence>
  <level>PASSED</level>
  <class>com.kms.katalon.core.logging.XmlKeywordLogger</class>
  <method>logMessage</method>
  <thread>1</thread>
  <message>Send request and verify the response successfully</message>
  <nestedLevel>1</nestedLevel>
</record>
<record>
  <date>2019-01-22T15:03:56</date>
  <millis>1548191036545</millis>
  <sequence>238</sequence>
  <level>END</level>
  <class>com.kms.katalon.core.logging.XmlKeywordLogger</class>
  <method>endKeyword</method>
  <thread>1</thread>
  <message>End action : sendRequestAndVerify(getUserInfoTestObject)</message>
  <nestedLevel>1</nestedLevel>
</record>
<record>
  <date>2019-01-22T15:03:56</date>
  <millis>1548191036546</millis>
  <sequence>239</sequence>
  <level>PASSED</level>
  <class>com.kms.katalon.core.logging.XmlKeywordLogger</class>
  <method>logMessage</method>
  <thread>1</thread>
  <message>Test Cases/Checklist/TC6_Checklist_AddNotes</message>
  <nestedLevel>1</nestedLevel>
</record>
<record>
  <date>2019-01-22T15:03:58</date>
  <millis>1548191038603</millis>
  <sequence>240</sequence>
  <level>END</level>
  <class>com.kms.katalon.core.logging.XmlKeywordLogger</class>
  <method>endTest</method>
  <thread>1</thread>
  <message>End Test Case : Test Cases/Checklist/TC6_Checklist_AddNotes</message>
  <nestedLevel>0</nestedLevel>
</record>
<record>
  <date>2019-01-22T15:03:58</date>
  <millis>1548191038638</millis>
  <sequence>241</sequence>
  <level>END</level>
  <class>com.kms.katalon.core.logging.XmlKeywordLogger</class>
  <method>endSuite</method>
  <thread>1</thread>
  <message>End Test Suite : Test Suites/Checklist</message>
  <nestedLevel>0</nestedLevel>
</record>
</log>